<?xml version="1.0" encoding="UTF-8"?>
<testsuite xmlns:xsi="http://www.w3.org/2001/XMLSchema-instance" xsi:noNamespaceSchemaLocation="https://maven.apache.org/surefire/maven-surefire-plugin/xsd/surefire-test-report.xsd" name="sample.tomcat.SampleTomcatApplicationTests" time="1.043" tests="3" errors="0" skipped="0" failures="0">
  <properties>
[...]
</properties>
  <testcase name="testTimeout" classname="sample.tomcat.SampleTomcatApplicationTests" time="0"/>
  <testcase name="testHome" classname="sample.tomcat.SampleTomcatApplicationTests" time="0.054"/>
  <testcase name="testCompression" classname="sample.tomcat.SampleTomcatApplicationTests" time="0"/>
</testsuite>